2025-07-28T21:16:00 | touched: README.md
2026-01-02T02:00:25 | touched: README.md
2025-11-16T20:47:10 | touched: src/main.rs
2026-01-20T22:54:14 | touched: LICENSE
2026-01-18T16:32:39 | touched: src/main.rs
2025-03-20T19:26:48 | touched: Cargo.toml
2026-01-07T16:09:32 | touched: README.md
2026-01-05T07:28:22 | touched: LICENSE
2026-01-22T04:26:46 | touched: src/main.rs
2026-01-05T22:54:50 | touched: src/main.rs
2026-01-18T08:41:30 | touched: LICENSE
2025-04-20T04:58:06 | touched: LICENSE
2025-07-02T22:15:43 | touched: README.md
2025-03-31T04:44:56 | touched: src/lib.rs
2025-08-13T04:24:54 | touched: LICENSE
2025-01-03T18:54:35 | touched: src/main.rs
2025-03-30T10:23:56 | touched: LICENSE
2025-01-09T13:14:10 | touched: src/main.rs
2025-11-07T03:30:50 | touched: src/lib.rs
2025-01-22T16:08:24 | touched: src/main.rs
2025-04-30T06:29:01 | touched: src/lib.rs
2025-07-26T00:29:13 | touched: Cargo.toml
2025-02-21T23:29:12 | touched: src/main.rs
2025-05-14T00:39:37 | touched: LICENSE
2025-01-03T15:04:32 | touched: src/lib.rs
